<?xml version="1.0" encoding="UTF-8"?>
<!-- Generated by org.testng.reporters.JUnitXMLReporter -->
<testsuite ignored="0" hostname="2F-PC" failures="0" tests="4" name="Command line test" time="0.078" errors="0" timestamp="20 Jun 2023 17:18:17 GMT">
  <testcase classname="mk.ukim.finki.seleniumtesting.LoginTest" name="@BeforeTest setup" time="0.062">
    <failure type="java.lang.IllegalStateException" message="The driver executable does not exist: /home/roskee/Desktop/sample-selenium/C:\Users\hero\Desktop\SeleniumAutomaticTesting\src\main\resources\drivers\chromedriver.exe">
      <![CDATA[java.lang.IllegalStateException: The driver executable does not exist: /home/roskee/Desktop/sample-selenium/C:\Users\hero\Desktop\SeleniumAutomaticTesting\src\main\resources\drivers\chromedriver.exe
at com.google.common.base.Preconditions.checkState(Preconditions.java:585)
at org.openqa.selenium.remote.service.DriverService.checkExecutable(DriverService.java:146)
at org.openqa.selenium.remote.service.DriverService.findExecutable(DriverService.java:141)
at org.openqa.selenium.chrome.ChromeDriverService.access$000(ChromeDriverService.java:35)
at org.openqa.selenium.chrome.ChromeDriverService$Builder.findDefaultExecutable(ChromeDriverService.java:159)
at org.openqa.selenium.remote.service.DriverService$Builder.build(DriverService.java:355)
at org.openqa.selenium.chrome.ChromeDriverService.createDefaultService(ChromeDriverService.java:94)
at org.openqa.selenium.chrome.ChromeDriver.<init>(ChromeDriver.java:123)
at mk.ukim.finki.seleniumtesting.LoginTest.getDriver(LoginTest.java:61)
at mk.ukim.finki.seleniumtesting.LoginTest.setup(LoginTest.java:17)
... Removed 33 stack frames]]>
    </failure>
  </testcase> <!-- @BeforeTest setup -->
  <testcase classname="mk.ukim.finki.seleniumtesting.LoginTest" name="@AfterTest teardown" time="0.0">
    <skipped/>
  </testcase> <!-- @AfterTest teardown -->
  <testcase classname="mk.ukim.finki.seleniumtesting.LoginTest" name="canNotLoginWithInvalidPassword" time="0.0">
    <skipped/>
  </testcase> <!-- canNotLoginWithInvalidPassword -->
  <testcase classname="mk.ukim.finki.seleniumtesting.LoginTest" name="canNotLoginWithoutUserName" time="0.0">
    <skipped/>
  </testcase> <!-- canNotLoginWithoutUserName -->
  <testcase classname="mk.ukim.finki.seleniumtesting.LoginTest" name="shouldLogin" time="0.0">
    <skipped/>
  </testcase> <!-- shouldLogin -->
  <testcase classname="mk.ukim.finki.seleniumtesting.LoginTest" name="shouldOpen" time="0.0">
    <skipped/>
  </testcase> <!-- shouldOpen -->
</testsuite> <!-- Command line test -->
